C:\Users\jonas\OneDrive\Dokumenty\2023\Python
C:\Users\jonas\OneDrive\Dokumenty\2023\Python\DekodStrom
C:\Users\jonas\OneDrive\Dokumenty\2023\Python\docObjects
C:\Users\jonas\OneDrive\Dokumenty\2023\Python\DoLinuxu
C:\Users\jonas\OneDrive\Dokumenty\2023\Python\DoLinuxuData
C:\Users\jonas\OneDrive\Dokumenty\2023\Python\DoLinuxuStrom
C:\Users\jonas\OneDrive\Dokumenty\2023\Python\DoLinuxuStrom2
C:\Users\jonas\OneDrive\Dokumenty\2023\Python\DoLinuxuStromVBATest
C:\Users\jonas\OneDrive\Dokumenty\2023\Python\folder-structure-in-jsTree-main
C:\Users\jonas\OneDrive\Dokumenty\2023\Python\GitHub
C:\Users\jonas\OneDrive\Dokumenty\2023\Python\GithubDocObj
C:\Users\jonas\OneDrive\Dokumenty\2023\Python\testDll
C:\Users\jonas\OneDrive\Dokumenty\2023\Python\testExe
C:\Users\jonas\OneDrive\Dokumenty\2023\Python\DekodStrom\.idea
C:\Users\jonas\OneDrive\Dokumenty\2023\Python\DekodStrom\__pycache__
C:\Users\jonas\OneDrive\Dokumenty\2023\Python\docObjects\genHtml_output
C:\Users\jonas\OneDrive\Dokumenty\2023\Python\docObjects\JQuery
C:\Users\jonas\OneDrive\Dokumenty\2023\Python\docObjects\python
C:\Users\jonas\OneDrive\Dokumenty\2023\Python\DoLinuxu\.idea
C:\Users\jonas\OneDrive\Dokumenty\2023\Python\DoLinuxu\venv
C:\Users\jonas\OneDrive\Dokumenty\2023\Python\DoLinuxu\__pycache__


